<?xml version="1.0" encoding="UTF-8"?>
<coverage generated="1723188875883" clover="3.2.0">
  <project timestamp="1723188875883" name="All files">
    <metrics statements="13" coveredstatements="11" conditionals="2" coveredconditionals="2" methods="7" coveredmethods="5" elements="22" coveredelements="18" complexity="0" loc="13" ncloc="13" packages="3" files="4" classes="4"/>
    <package name="src">
      <metrics statements="7" coveredstatements="5" conditionals="0" coveredconditionals="0" methods="3" coveredmethods="1"/>
      <file name="App.tsx" path="/Users/xmly/Study/code/webpack/webpack5-study/src/App.tsx">
        <metrics statements="2" coveredstatements="2" conditionals="0" coveredconditionals="0" methods="1" coveredmethods="1"/>
        <line num="5" count="1" type="stmt"/>
        <line num="6" count="1" type="stmt"/>
      </file>
      <file name="router.tsx" path="/Users/xmly/Study/code/webpack/webpack5-study/src/router.tsx">
        <metrics statements="5" coveredstatements="3" conditionals="0" coveredconditionals="0" methods="2" coveredmethods="0"/>
        <line num="5" count="1" type="stmt"/>
        <line num="7" count="0" type="stmt"/>
        <line num="13" count="1" type="stmt"/>
        <line num="15" count="0" type="stmt"/>
        <line num="21" count="1" type="stmt"/>
      </file>
    </package>
    <package name="src.pages.Settings">
      <metrics statements="5" coveredstatements="5" conditionals="2" coveredconditionals="2" methods="3" coveredmethods="3"/>
      <file name="index.tsx" path="/Users/xmly/Study/code/webpack/webpack5-study/src/pages/Settings/index.tsx">
        <metrics statements="5" coveredstatements="5" conditionals="2" coveredconditionals="2" methods="3" coveredmethods="3"/>
        <line num="10" count="1" type="stmt"/>
        <line num="11" count="4" type="stmt"/>
        <line num="14" count="1" type="stmt"/>
        <line num="17" count="1" type="cond" truecount="2" falsecount="0"/>
        <line num="19" count="4" type="stmt"/>
      </file>
    </package>
    <package name="src.utils">
      <metrics statements="1" coveredstatements="1" conditionals="0" coveredconditionals="0" methods="1" coveredmethods="1"/>
      <file name="base.ts" path="/Users/xmly/Study/code/webpack/webpack5-study/src/utils/base.ts">
        <metrics statements="1" coveredstatements="1" conditionals="0" coveredconditionals="0" methods="1" coveredmethods="1"/>
        <line num="3" count="1" type="stmt"/>
      </file>
    </package>
  </project>
</coverage>
