{"/Users/xmly/Study/code/webpack/webpack5-study/src/App.tsx": {"path":"/Users/xmly/Study/code/webpack/webpack5-study/src/App.tsx","statementMap":{"0":{"start":{"line":5,"column":12},"end":{"line":11,"column":1}},"1":{"start":{"line":6,"column":2},"end":{"line":10,"column":4}}},"fnMap":{"0":{"name":"(anonymous_0)","decl":{"start":{"line":5,"column":12},"end":{"line":5,"column":13}},"loc":{"start":{"line":5,"column":18},"end":{"line":11,"column":1}},"line":5}},"branchMap":{},"s":{"0":1,"1":1},"f":{"0":1},"b":{},"_coverageSchema":"1a1c01bbd47fc00a2c39e90264f33305004495a9","hash":"9a0618ca4c6d4cb905507df7a71349a9befd8c07"}
,"/Users/xmly/Study/code/webpack/webpack5-study/src/router.tsx": {"path":"/Users/xmly/Study/code/webpack/webpack5-study/src/router.tsx","statementMap":{"0":{"start":{"line":5,"column":13},"end":{"line":11,"column":1}},"1":{"start":{"line":7,"column":4},"end":{"line":10,"column":60}},"2":{"start":{"line":13,"column":17},"end":{"line":19,"column":1}},"3":{"start":{"line":15,"column":4},"end":{"line":18,"column":60}},"4":{"start":{"line":21,"column":15},"end":{"line":36,"column":2}}},"fnMap":{"0":{"name":"(anonymous_0)","decl":{"start":{"line":6,"column":2},"end":{"line":6,"column":3}},"loc":{"start":{"line":7,"column":4},"end":{"line":10,"column":60}},"line":7},"1":{"name":"(anonymous_1)","decl":{"start":{"line":14,"column":2},"end":{"line":14,"column":3}},"loc":{"start":{"line":15,"column":4},"end":{"line":18,"column":60}},"line":15}},"branchMap":{},"s":{"0":1,"1":0,"2":1,"3":0,"4":1},"f":{"0":0,"1":0},"b":{},"_coverageSchema":"1a1c01bbd47fc00a2c39e90264f33305004495a9","hash":"df6e49597244438f0b5d776d6b1ffe4d31b96eb1"}
,"/Users/xmly/Study/code/webpack/webpack5-study/src/pages/Settings/index.tsx": {"path":"/Users/xmly/Study/code/webpack/webpack5-study/src/pages/Settings/index.tsx","statementMap":{"0":{"start":{"line":10,"column":36},"end":{"line":34,"column":1}},"1":{"start":{"line":11,"column":19},"end":{"line":11,"column":32}},"2":{"start":{"line":14,"column":4},"end":{"line":14,"column":17}},"3":{"start":{"line":17,"column":4},"end":{"line":17,"column":59}},"4":{"start":{"line":19,"column":2},"end":{"line":33,"column":4}}},"fnMap":{"0":{"name":"(anonymous_0)","decl":{"start":{"line":10,"column":36},"end":{"line":10,"column":37}},"loc":{"start":{"line":10,"column":42},"end":{"line":34,"column":1}},"line":10},"1":{"name":"back","decl":{"start":{"line":13,"column":11},"end":{"line":13,"column":15}},"loc":{"start":{"line":13,"column":18},"end":{"line":15,"column":3}},"line":13},"2":{"name":"setting","decl":{"start":{"line":16,"column":11},"end":{"line":16,"column":18}},"loc":{"start":{"line":16,"column":21},"end":{"line":18,"column":3}},"line":16}},"branchMap":{"0":{"loc":{"start":{"line":17,"column":4},"end":{"line":17,"column":58}},"type":"binary-expr","locations":[{"start":{"line":17,"column":4},"end":{"line":17,"column":31}},{"start":{"line":17,"column":35},"end":{"line":17,"column":58}}],"line":17}},"s":{"0":1,"1":4,"2":1,"3":1,"4":4},"f":{"0":4,"1":1,"2":1},"b":{"0":[1,1]},"_coverageSchema":"1a1c01bbd47fc00a2c39e90264f33305004495a9","hash":"2db352a321c64f37ec113bed0f3bcaf49eac775e"}
,"/Users/xmly/Study/code/webpack/webpack5-study/src/utils/base.ts": {"path":"/Users/xmly/Study/code/webpack/webpack5-study/src/utils/base.ts","statementMap":{"0":{"start":{"line":3,"column":2},"end":{"line":3,"column":34}}},"fnMap":{"0":{"name":"isFunction","decl":{"start":{"line":2,"column":16},"end":{"line":2,"column":26}},"loc":{"start":{"line":2,"column":56},"end":{"line":4,"column":1}},"line":2}},"branchMap":{},"s":{"0":1},"f":{"0":1},"b":{},"_coverageSchema":"1a1c01bbd47fc00a2c39e90264f33305004495a9","hash":"5665de956676d0491f83645764c3b2a166a78e26"}
}
