TN:
SF:src/App.tsx
FN:5,(anonymous_0)
FNF:1
FNH:1
FNDA:1,(anonymous_0)
DA:5,1
DA:6,1
LF:2
LH:2
BRF:0
BRH:0
end_of_record
TN:
SF:src/router.tsx
FN:6,(anonymous_0)
FN:14,(anonymous_1)
FNF:2
FNH:0
FNDA:0,(anonymous_0)
FNDA:0,(anonymous_1)
DA:5,1
DA:7,0
DA:13,1
DA:15,0
DA:21,1
LF:5
LH:3
BRF:0
BRH:0
end_of_record
TN:
SF:src/pages/Settings/index.tsx
FN:10,(anonymous_0)
FN:13,back
FN:16,setting
FNF:3
FNH:3
FNDA:4,(anonymous_0)
FNDA:1,back
FNDA:1,setting
DA:10,1
DA:11,4
DA:14,1
DA:17,1
DA:19,4
LF:5
LH:5
BRDA:17,0,0,1
BRDA:17,0,1,1
BRF:2
BRH:2
end_of_record
TN:
SF:src/utils/base.ts
FN:2,isFunction
FNF:1
FNH:1
FNDA:1,isFunction
DA:3,1
LF:1
LH:1
BRF:0
BRH:0
end_of_record
